19/10/15 09:03:10 WARN NativeCodeLoader: Unable to load native-hadoop library for your platform... using builtin-java classes where applicable
19/10/15 09:03:13 INFO SparkContext: Running Spark version 2.4.3
19/10/15 09:03:13 WARN SparkConf: Note that spark.local.dir will be overridden by the value set by the cluster manager (via SPARK_LOCAL_DIRS in mesos/standalone/kubernetes and LOCAL_DIRS in YARN).
19/10/15 09:03:13 INFO SparkContext: Submitted application: sparklyr
19/10/15 09:03:13 INFO SecurityManager: Changing view acls to: elahaye
19/10/15 09:03:13 INFO SecurityManager: Changing modify acls to: elahaye
19/10/15 09:03:13 INFO SecurityManager: Changing view acls groups to: 
19/10/15 09:03:13 INFO SecurityManager: Changing modify acls groups to: 
19/10/15 09:03:13 INFO SecurityManager: SecurityManager: authentication disabled; ui acls disabled; users  with view permissions: Set(elahaye); groups with view permissions: Set(); users  with modify permissions: Set(elahaye); groups with modify permissions: Set()
19/10/15 09:03:13 INFO Utils: Successfully started service 'sparkDriver' on port 50270.
19/10/15 09:03:13 INFO SparkEnv: Registering MapOutputTracker
19/10/15 09:03:13 INFO SparkEnv: Registering BlockManagerMaster
19/10/15 09:03:13 INFO BlockManagerMasterEndpoint: Using org.apache.spark.storage.DefaultTopologyMapper for getting topology information
19/10/15 09:03:13 INFO BlockManagerMasterEndpoint: BlockManagerMasterEndpoint up
19/10/15 09:03:13 INFO DiskBlockManager: Created local directory at C:\Users\elahaye\AppData\Local\spark\spark-2.4.3-bin-hadoop2.7\tmp\local\blockmgr-0e2637f9-ea15-4840-873f-da5b0bc226a5
19/10/15 09:03:13 INFO MemoryStore: MemoryStore started with capacity 912.3 MB
19/10/15 09:03:13 INFO SparkEnv: Registering OutputCommitCoordinator
19/10/15 09:03:13 WARN Utils: The configured local directories are not expected to be URIs; however, got suspicious values [C:/Users/elahaye/AppData/Local/spark/spark-2.4.3-bin-hadoop2.7/tmp/local]. Please check your configured local directories.
19/10/15 09:03:14 INFO Utils: Successfully started service 'SparkUI' on port 4040.
19/10/15 09:03:14 INFO SparkUI: Bound SparkUI to 127.0.0.1, and started at http://127.0.0.1:4040
19/10/15 09:03:14 INFO SparkContext: Added JAR file:/C:/Users/elahaye/OneDrive%20-%20HSC%20Health/Documents/R/R-3.6.1/library/sparklyr/java/sparklyr-2.3-2.11.jar at spark://127.0.0.1:50270/jars/sparklyr-2.3-2.11.jar with timestamp 1571144594299
19/10/15 09:03:14 INFO Executor: Starting executor ID driver on host localhost
19/10/15 09:03:14 INFO Utils: Successfully started service 'org.apache.spark.network.netty.NettyBlockTransferService' on port 50292.
19/10/15 09:03:14 INFO NettyBlockTransferService: Server created on 127.0.0.1:50292
19/10/15 09:03:14 INFO BlockManager: Using org.apache.spark.storage.RandomBlockReplicationPolicy for block replication policy
19/10/15 09:03:14 INFO BlockManagerMaster: Registering BlockManager BlockManagerId(driver, 127.0.0.1, 50292, None)
19/10/15 09:03:14 INFO BlockManagerMasterEndpoint: Registering block manager 127.0.0.1:50292 with 912.3 MB RAM, BlockManagerId(driver, 127.0.0.1, 50292, None)
19/10/15 09:03:14 INFO BlockManagerMaster: Registered BlockManager BlockManagerId(driver, 127.0.0.1, 50292, None)
19/10/15 09:03:14 INFO BlockManager: Initialized BlockManager: BlockManagerId(driver, 127.0.0.1, 50292, None)
19/10/15 09:03:17 INFO SharedState: loading hive config file: file:/C:/Users/elahaye/AppData/Local/spark/spark-2.4.3-bin-hadoop2.7/conf/hive-site.xml
19/10/15 09:03:17 INFO SharedState: Setting hive.metastore.warehouse.dir ('C:/Users/elahaye/AppData/Local/spark/spark-2.4.3-bin-hadoop2.7/tmp/hive') to the value of spark.sql.warehouse.dir ('C:/Users/elahaye/AppData/Local/spark/spark-2.4.3-bin-hadoop2.7/tmp/hive').
19/10/15 09:03:17 INFO SharedState: Warehouse path is 'C:/Users/elahaye/AppData/Local/spark/spark-2.4.3-bin-hadoop2.7/tmp/hive'.
19/10/15 09:03:18 INFO StateStoreCoordinatorRef: Registered StateStoreCoordinator endpoint
19/10/15 09:03:21 INFO HiveUtils: Initializing HiveMetastoreConnection version 1.2.1 using Spark classes.
19/10/15 09:03:22 INFO HiveMetaStore: 0: Opening raw store with implemenation class:org.apache.hadoop.hive.metastore.ObjectStore
19/10/15 09:03:22 INFO ObjectStore: ObjectStore, initialize called
19/10/15 09:03:22 INFO Persistence: Property hive.metastore.integral.jdo.pushdown unknown - will be ignored
19/10/15 09:03:22 INFO Persistence: Property datanucleus.cache.level2 unknown - will be ignored
19/10/15 09:03:24 INFO ObjectStore: Setting MetaStore object pin classes with hive.metastore.cache.pinobjtypes="Table,StorageDescriptor,SerDeInfo,Partition,Database,Type,FieldSchema,Order"
19/10/15 09:03:25 INFO Datastore: The class "org.apache.hadoop.hive.metastore.model.MFieldSchema" is tagged as "embedded-only" so does not have its own datastore table.
19/10/15 09:03:25 INFO Datastore: The class "org.apache.hadoop.hive.metastore.model.MOrder" is tagged as "embedded-only" so does not have its own datastore table.
19/10/15 09:03:26 INFO Datastore: The class "org.apache.hadoop.hive.metastore.model.MFieldSchema" is tagged as "embedded-only" so does not have its own datastore table.
19/10/15 09:03:26 INFO Datastore: The class "org.apache.hadoop.hive.metastore.model.MOrder" is tagged as "embedded-only" so does not have its own datastore table.
19/10/15 09:03:26 INFO MetaStoreDirectSql: Using direct SQL, underlying DB is DERBY
19/10/15 09:03:26 INFO ObjectStore: Initialized ObjectStore
19/10/15 09:03:26 WARN ObjectStore: Version information not found in metastore. hive.metastore.schema.verification is not enabled so recording the schema version 1.2.0
19/10/15 09:03:26 WARN ObjectStore: Failed to get database default, returning NoSuchObjectException
19/10/15 09:03:26 INFO HiveMetaStore: Added admin role in metastore
19/10/15 09:03:26 INFO HiveMetaStore: Added public role in metastore
19/10/15 09:03:26 INFO HiveMetaStore: No user is added in admin role, since config is empty
19/10/15 09:03:27 INFO HiveMetaStore: 0: get_all_databases
19/10/15 09:03:27 INFO audit: ugi=elahaye	ip=unknown-ip-addr	cmd=get_all_databases	
19/10/15 09:03:27 INFO HiveMetaStore: 0: get_functions: db=default pat=*
19/10/15 09:03:27 INFO audit: ugi=elahaye	ip=unknown-ip-addr	cmd=get_functions: db=default pat=*	
19/10/15 09:03:27 INFO Datastore: The class "org.apache.hadoop.hive.metastore.model.MResourceUri" is tagged as "embedded-only" so does not have its own datastore table.
19/10/15 09:03:27 INFO SessionState: Created HDFS directory: C:/Users/elahaye/AppData/Local/spark/spark-2.4.3-bin-hadoop2.7/tmp/hive/elahaye
19/10/15 09:03:27 INFO SessionState: Created local directory: C:/Users/elahaye/AppData/Local/Temp/07b77e0d-6295-417a-a36f-c27f8b33c63a_resources
19/10/15 09:03:27 INFO SessionState: Created HDFS directory: C:/Users/elahaye/AppData/Local/spark/spark-2.4.3-bin-hadoop2.7/tmp/hive/elahaye/07b77e0d-6295-417a-a36f-c27f8b33c63a
19/10/15 09:03:27 INFO SessionState: Created local directory: C:/Users/elahaye/AppData/Local/spark/spark-2.4.3-bin-hadoop2.7/tmp/hive/07b77e0d-6295-417a-a36f-c27f8b33c63a
19/10/15 09:03:27 INFO SessionState: Created HDFS directory: C:/Users/elahaye/AppData/Local/spark/spark-2.4.3-bin-hadoop2.7/tmp/hive/elahaye/07b77e0d-6295-417a-a36f-c27f8b33c63a/_tmp_space.db
19/10/15 09:03:27 INFO HiveClientImpl: Warehouse location for Hive client (version 1.2.2) is C:/Users/elahaye/AppData/Local/spark/spark-2.4.3-bin-hadoop2.7/tmp/hive
19/10/15 09:03:27 INFO HiveMetaStore: 0: get_database: default
19/10/15 09:03:27 INFO audit: ugi=elahaye	ip=unknown-ip-addr	cmd=get_database: default	
19/10/15 09:03:27 INFO HiveMetaStore: 0: get_database: global_temp
19/10/15 09:03:27 INFO audit: ugi=elahaye	ip=unknown-ip-addr	cmd=get_database: global_temp	
19/10/15 09:03:27 WARN ObjectStore: Failed to get database global_temp, returning NoSuchObjectException
19/10/15 09:03:27 INFO HiveMetaStore: 0: get_database: default
19/10/15 09:03:27 INFO audit: ugi=elahaye	ip=unknown-ip-addr	cmd=get_database: default	
19/10/15 09:03:27 INFO HiveMetaStore: 0: get_database: default
19/10/15 09:03:27 INFO audit: ugi=elahaye	ip=unknown-ip-addr	cmd=get_database: default	
19/10/15 09:03:27 INFO HiveMetaStore: 0: get_tables: db=default pat=*
19/10/15 09:03:27 INFO audit: ugi=elahaye	ip=unknown-ip-addr	cmd=get_tables: db=default pat=*	
19/10/15 09:03:28 INFO CodeGenerator: Code generated in 301.94873 ms
19/10/15 09:03:28 INFO HiveMetaStore: 0: get_database: default
19/10/15 09:03:28 INFO audit: ugi=elahaye	ip=unknown-ip-addr	cmd=get_database: default	
19/10/15 09:03:28 INFO HiveMetaStore: 0: get_database: default
19/10/15 09:03:28 INFO audit: ugi=elahaye	ip=unknown-ip-addr	cmd=get_database: default	
19/10/15 09:03:28 INFO HiveMetaStore: 0: get_tables: db=default pat=*
19/10/15 09:03:28 INFO audit: ugi=elahaye	ip=unknown-ip-addr	cmd=get_tables: db=default pat=*	
19/10/15 09:07:11 INFO SparkContext: Invoking stop() from shutdown hook
19/10/15 09:07:11 INFO SparkUI: Stopped Spark web UI at http://127.0.0.1:4040
19/10/15 09:07:11 INFO MapOutputTrackerMasterEndpoint: MapOutputTrackerMasterEndpoint stopped!
19/10/15 09:07:11 INFO MemoryStore: MemoryStore cleared
19/10/15 09:07:11 INFO BlockManager: BlockManager stopped
19/10/15 09:07:11 INFO BlockManagerMaster: BlockManagerMaster stopped
19/10/15 09:07:11 INFO OutputCommitCoordinator$OutputCommitCoordinatorEndpoint: OutputCommitCoordinator stopped!
19/10/15 09:07:11 INFO SparkContext: Successfully stopped SparkContext
19/10/15 09:07:11 INFO ShutdownHookManager: Shutdown hook called
19/10/15 09:07:11 INFO ShutdownHookManager: Deleting directory C:\Users\elahaye\AppData\Local\spark\spark-2.4.3-bin-hadoop2.7\tmp\local\spark-453c37bd-bcc7-484b-b7d6-2289ffabbb61
19/10/15 09:07:11 INFO ShutdownHookManager: Deleting directory C:\Users\elahaye\AppData\Local\Temp\spark-ceedc3ab-6c6a-4177-9d24-cdab6b71d4eb
